time=2024-09-04T21:46:19.433-03:00 level=INFO msg="Logger iniciado"
time=2024-09-04T22:06:33.321-03:00 level=INFO msg="Logger iniciado"
time=2024-09-06T21:31:43.790-03:00 level=INFO msg="Logger iniciado"
time=2024-09-06T21:32:22.574-03:00 level=INFO msg="Logger iniciado"
time=2024-09-06T21:32:22.605-03:00 level=INFO msg="Levantando servidor en el puerto" port=8003
time=2024-09-07T18:50:34.767-03:00 level=INFO msg="Logger iniciado"
time=2024-09-07T18:50:34.772-03:00 level=INFO msg="Levantando servidor en el puerto" port=8003
time=2024-09-07T18:59:54.670-03:00 level=INFO msg="Se pudo establecer la conexion, siguiendo con la funcion\n"
time=2024-09-07T18:59:54.670-03:00 level=INFO msg="%+v\n" !BADKEY="{Mensaje:Estableciendo handshake con Filesystem desde Memoria}"
time=2024-09-07T19:35:04.663-03:00 level=INFO msg="Logger iniciado"
time=2024-09-07T19:35:04.669-03:00 level=INFO msg="Levantando servidor en el puerto: 8003"
time=2024-09-07T19:35:33.324-03:00 level=INFO msg="Se pudo establecer la conexion, siguiendo con la funcion\n"
time=2024-09-07T19:35:33.324-03:00 level=INFO msg="{Mensaje:Estableciendo handshake con Filesystem desde Memoria}\n"
time=2024-09-07T19:40:28.638-03:00 level=INFO msg="Logger iniciado"
time=2024-09-07T19:40:28.644-03:00 level=INFO msg="Levantando servidor en el puerto: 8003"
time=2024-09-07T19:40:43.931-03:00 level=INFO msg="Se pudo establecer la conexion, siguiendo con la funcion"
time=2024-09-07T19:40:43.931-03:00 level=INFO msg="{Mensaje:Estableciendo handshake con Filesystem desde Memoria}"
time=2024-10-16T21:07:05.057-03:00 level=INFO msg="Logger iniciado"
time=2024-10-16T21:07:05.067-03:00 level=INFO msg="Levantando servidor en el puerto: 0"
time=2024-10-16T21:10:43.694-03:00 level=INFO msg="Logger iniciado"
time=2024-10-16T21:10:43.701-03:00 level=INFO msg="Filesystem inicializado"
time=2024-10-16T21:10:43.702-03:00 level=INFO msg="Levantando servidor en el puerto: 0"
time=2024-10-16T21:11:00.978-03:00 level=INFO msg="Logger iniciado"
time=2024-10-16T21:11:00.985-03:00 level=INFO msg="Filesystem inicializado"
time=2024-10-16T21:11:00.985-03:00 level=INFO msg="Levantando servidor en el puerto: 0"
time=2024-10-16T21:12:04.641-03:00 level=INFO msg="Logger iniciado"
time=2024-10-16T21:12:04.645-03:00 level=INFO msg="Filesystem inicializado"
time=2024-10-16T21:12:04.646-03:00 level=INFO msg="Levantando servidor en el puerto: 0"
