time=2024-11-30T01:54:44.894-03:00 level=INFO msg="Logger iniciado"
time=2024-11-30T01:54:44.899-03:00 level=INFO msg="Partición fija" Número=1 "iniciada con Base"=0 "y Límite"=32
time=2024-11-30T01:54:44.899-03:00 level=INFO msg="Partición fija" Número=2 "iniciada con Base"=32 "y Límite"=32
time=2024-11-30T01:54:44.899-03:00 level=INFO msg="Partición fija" Número=3 "iniciada con Base"=64 "y Límite"=32
time=2024-11-30T01:54:44.899-03:00 level=INFO msg="Partición fija" Número=4 "iniciada con Base"=96 "y Límite"=32
time=2024-11-30T01:54:44.899-03:00 level=INFO msg="Partición fija" Número=5 "iniciada con Base"=128 "y Límite"=32
time=2024-11-30T01:54:44.899-03:00 level=INFO msg="Partición fija" Número=6 "iniciada con Base"=160 "y Límite"=32
time=2024-11-30T01:54:44.899-03:00 level=INFO msg="Partición fija" Número=7 "iniciada con Base"=192 "y Límite"=32
time=2024-11-30T01:54:44.899-03:00 level=INFO msg="Partición fija" Número=8 "iniciada con Base"=224 "y Límite"=32
time=2024-11-30T01:54:49.902-03:00 level=INFO msg="Levantando servidor en el puerto: 8002"
time=2024-11-30T01:54:59.302-03:00 level=INFO msg="Me llegaron los siguientes parametros para crear proceso: {Path:PLANI_PROC Tamanio:32 PID:1}"
time=2024-11-30T01:54:59.302-03:00 level=INFO msg="## Proceso Creado - PID: 1  - Tamaño: 32"
time=2024-11-30T01:56:01.821-03:00 level=INFO msg="Me llegaron los siguientes parametros para crear proceso: {Path:PLANI_PROC Tamanio:32 PID:1}"
time=2024-11-30T01:56:01.829-03:00 level=INFO msg="## Proceso Creado - PID: 1  - Tamaño: 32"
time=2024-11-30T01:56:30.618-03:00 level=INFO msg="Me llegaron los siguientes parametros para crear proceso: {Path:PLANI_PROC Tamanio:32 PID:1}"
time=2024-11-30T01:56:30.618-03:00 level=INFO msg="## Proceso Creado - PID: 1  - Tamaño: 32"
time=2024-11-30T01:56:35.152-03:00 level=INFO msg="## Contexto Solicitado - (PID:TID) - (1:0)"
time=2024-11-30T01:56:35.152-03:00 level=INFO msg="Contexto completo enviado para PID 1 y TID 0"
time=2024-11-30T01:56:35.153-03:00 level=INFO msg="## (1:0) - Solicitó syscall: OBTENER INSTRUCCION"
time=2024-11-30T01:56:35.153-03:00 level=INFO msg="## OBTENER INSTRUCCION -(PID:TID) -(1:0) - Instruccion: SET DX 0"
time=2024-11-30T01:56:35.154-03:00 level=INFO msg="## (1:0) - Solicitó syscall: OBTENER INSTRUCCION"
time=2024-11-30T01:56:35.154-03:00 level=INFO msg="## OBTENER INSTRUCCION -(PID:TID) -(1:0) - Instruccion: SET AX 1"
time=2024-11-30T01:56:35.154-03:00 level=INFO msg="## (1:0) - Solicitó syscall: OBTENER INSTRUCCION"
time=2024-11-30T01:56:35.154-03:00 level=INFO msg="## OBTENER INSTRUCCION -(PID:TID) -(1:0) - Instruccion: THREAD_CREATE PLANI_THREAD 6"
time=2024-11-30T01:56:35.155-03:00 level=INFO msg="## Contexto Actualizado - (PID:TID) - (1:0) "
time=2024-11-30T01:56:35.159-03:00 level=INFO msg="Me llegaron los siguientes parametros para crear proceso: {TID:1 PID:1 Path:PLANI_THREAD}"
time=2024-11-30T01:56:35.160-03:00 level=INFO msg="## Hilo Creado - (PID:TID) - (1:1)"
time=2024-11-30T01:56:35.162-03:00 level=INFO msg="## Contexto Solicitado - (PID:TID) - (1:0)"
time=2024-11-30T01:56:35.162-03:00 level=INFO msg="Contexto completo enviado para PID 1 y TID 0"
time=2024-11-30T01:56:35.163-03:00 level=INFO msg="## (1:0) - Solicitó syscall: OBTENER INSTRUCCION"
time=2024-11-30T01:56:35.163-03:00 level=INFO msg="## OBTENER INSTRUCCION -(PID:TID) -(1:0) - Instruccion: SUM DX AX"
time=2024-11-30T01:56:35.164-03:00 level=INFO msg="## (1:0) - Solicitó syscall: OBTENER INSTRUCCION"
time=2024-11-30T01:56:35.164-03:00 level=INFO msg="## OBTENER INSTRUCCION -(PID:TID) -(1:0) - Instruccion: THREAD_CREATE PLANI_THREAD 5"
time=2024-11-30T01:56:35.164-03:00 level=INFO msg="## Contexto Actualizado - (PID:TID) - (1:0) "
time=2024-11-30T01:56:35.166-03:00 level=INFO msg="Me llegaron los siguientes parametros para crear proceso: {TID:2 PID:1 Path:PLANI_THREAD}"
time=2024-11-30T01:56:35.166-03:00 level=INFO msg="## Hilo Creado - (PID:TID) - (1:1)"
time=2024-11-30T01:56:35.168-03:00 level=INFO msg="## Contexto Solicitado - (PID:TID) - (1:0)"
time=2024-11-30T01:56:35.168-03:00 level=INFO msg="Contexto completo enviado para PID 1 y TID 0"
time=2024-11-30T01:56:35.169-03:00 level=INFO msg="## (1:0) - Solicitó syscall: OBTENER INSTRUCCION"
time=2024-11-30T01:56:35.169-03:00 level=INFO msg="## OBTENER INSTRUCCION -(PID:TID) -(1:0) - Instruccion: SUM DX AX"
time=2024-11-30T01:56:35.169-03:00 level=INFO msg="## (1:0) - Solicitó syscall: OBTENER INSTRUCCION"
time=2024-11-30T01:56:35.169-03:00 level=INFO msg="## OBTENER INSTRUCCION -(PID:TID) -(1:0) - Instruccion: THREAD_CREATE PLANI_THREAD 5"
time=2024-11-30T01:56:35.170-03:00 level=INFO msg="## Contexto Actualizado - (PID:TID) - (1:0) "
time=2024-11-30T01:56:35.172-03:00 level=INFO msg="Me llegaron los siguientes parametros para crear proceso: {TID:3 PID:1 Path:PLANI_THREAD}"
time=2024-11-30T01:56:35.172-03:00 level=INFO msg="## Hilo Creado - (PID:TID) - (1:1)"
time=2024-11-30T01:56:35.175-03:00 level=INFO msg="## Contexto Solicitado - (PID:TID) - (1:0)"
time=2024-11-30T01:56:35.175-03:00 level=INFO msg="Contexto completo enviado para PID 1 y TID 0"
time=2024-11-30T01:56:35.175-03:00 level=INFO msg="## (1:0) - Solicitó syscall: OBTENER INSTRUCCION"
time=2024-11-30T01:56:35.175-03:00 level=INFO msg="## OBTENER INSTRUCCION -(PID:TID) -(1:0) - Instruccion: SUM DX AX"
time=2024-11-30T01:56:35.176-03:00 level=INFO msg="## (1:0) - Solicitó syscall: OBTENER INSTRUCCION"
time=2024-11-30T01:56:35.176-03:00 level=INFO msg="## OBTENER INSTRUCCION -(PID:TID) -(1:0) - Instruccion: THREAD_CREATE PLANI_THREAD 6"
time=2024-11-30T01:56:35.176-03:00 level=INFO msg="## Contexto Actualizado - (PID:TID) - (1:0) "
time=2024-11-30T01:56:35.177-03:00 level=INFO msg="Me llegaron los siguientes parametros para crear proceso: {TID:4 PID:1 Path:PLANI_THREAD}"
time=2024-11-30T01:56:35.178-03:00 level=INFO msg="## Hilo Creado - (PID:TID) - (1:1)"
time=2024-11-30T01:56:35.180-03:00 level=INFO msg="## Contexto Solicitado - (PID:TID) - (1:0)"
time=2024-11-30T01:56:35.180-03:00 level=INFO msg="Contexto completo enviado para PID 1 y TID 0"
time=2024-11-30T01:56:35.180-03:00 level=INFO msg="## (1:0) - Solicitó syscall: OBTENER INSTRUCCION"
time=2024-11-30T01:56:35.180-03:00 level=INFO msg="## OBTENER INSTRUCCION -(PID:TID) -(1:0) - Instruccion: SUM DX AX"
time=2024-11-30T01:56:35.180-03:00 level=INFO msg="## (1:0) - Solicitó syscall: OBTENER INSTRUCCION"
time=2024-11-30T01:56:35.180-03:00 level=INFO msg="## OBTENER INSTRUCCION -(PID:TID) -(1:0) - Instruccion: THREAD_JOIN 4"
time=2024-11-30T01:56:35.181-03:00 level=INFO msg="## Contexto Actualizado - (PID:TID) - (1:0) "
