time=2024-11-30T02:50:24.924-03:00 level=INFO msg="Logger iniciado"
time=2024-11-30T02:50:24.929-03:00 level=INFO msg="Levantando servidor en el puerto: 8004"
time=2024-11-30T02:56:20.094-03:00 level=INFO msg="Logger iniciado"
time=2024-11-30T02:56:20.100-03:00 level=INFO msg="Levantando servidor en el puerto: 8004"
time=2024-11-30T03:16:06.030-03:00 level=INFO msg="Logger iniciado"
time=2024-11-30T03:16:06.036-03:00 level=INFO msg="Levantando servidor en el puerto: 8004"
time=2024-11-30T03:18:14.086-03:00 level=INFO msg="PID y TID actualizados" PID=1 TID=0
time=2024-11-30T03:18:14.086-03:00 level=INFO msg="Obtención de Contexto de Ejecución: ## TID: 0 - Solicito Contexto Ejecución"
time=2024-11-30T03:18:14.093-03:00 level=INFO msg="Contexto de ejecución recibido con éxito"
time=2024-11-30T03:18:14.093-03:00 level=INFO msg="Fetch Instrucción: ## TID: 0 - FETCH - Program Counter: 0"
time=2024-11-30T03:18:14.093-03:00 level=INFO msg="Decodificando la instrucción: SET DX 0"
time=2024-11-30T03:18:14.093-03:00 level=INFO msg="Instrucción Ejecutada: “## TID: 0 - Ejecutando: SET - Registro: DX, Valor: 0”"
time=2024-11-30T03:18:14.093-03:00 level=INFO msg="No hay interrupciones pendientes para el TID actual" TID=0
time=2024-11-30T03:18:14.093-03:00 level=INFO msg="PC no modificado por instrucción. Actualizado PC a: 1"
time=2024-11-30T03:18:14.094-03:00 level=INFO msg="Fetch Instrucción: ## TID: 0 - FETCH - Program Counter: 1"
time=2024-11-30T03:18:14.094-03:00 level=INFO msg="Decodificando la instrucción: SET AX 1"
time=2024-11-30T03:18:14.094-03:00 level=INFO msg="Instrucción Ejecutada: “## TID: 0 - Ejecutando: SET - Registro: AX, Valor: 1”"
time=2024-11-30T03:18:14.094-03:00 level=INFO msg="No hay interrupciones pendientes para el TID actual" TID=0
time=2024-11-30T03:18:14.094-03:00 level=INFO msg="PC no modificado por instrucción. Actualizado PC a: 2"
time=2024-11-30T03:18:14.094-03:00 level=INFO msg="Fetch Instrucción: ## TID: 0 - FETCH - Program Counter: 2"
time=2024-11-30T03:18:14.094-03:00 level=INFO msg="Decodificando la instrucción: THREAD_CREATE PLANI_THREAD 6"
time=2024-11-30T03:18:14.095-03:00 level=INFO msg="## TID: 0 - Actualizo Contexto Ejecución"
time=2024-11-30T03:18:14.099-03:00 level=INFO msg="PID y TID actualizados" PID=1 TID=0
time=2024-11-30T03:18:14.099-03:00 level=INFO msg="Obtención de Contexto de Ejecución: ## TID: 0 - Solicito Contexto Ejecución"
time=2024-11-30T03:18:14.101-03:00 level=INFO msg="Contexto de ejecución recibido con éxito"
time=2024-11-30T03:18:14.101-03:00 level=INFO msg="Fetch Instrucción: ## TID: 0 - FETCH - Program Counter: 3"
time=2024-11-30T03:18:14.101-03:00 level=INFO msg="Decodificando la instrucción: SUM DX AX"
time=2024-11-30T03:18:14.101-03:00 level=INFO msg="Instrucción Ejecutada: “## TID: 0 - Ejecutando: SET - Registro: DX, Valor: 1”"
time=2024-11-30T03:18:14.101-03:00 level=INFO msg="Instrucción Ejecutada: “## TID: 0 - Ejecutando: SUM - Registro Destino: DX, Registro Origen: AX”"
time=2024-11-30T03:18:14.101-03:00 level=INFO msg="No hay interrupciones pendientes para el TID actual" TID=0
time=2024-11-30T03:18:14.101-03:00 level=INFO msg="PC no modificado por instrucción. Actualizado PC a: 4"
time=2024-11-30T03:18:14.102-03:00 level=INFO msg="Fetch Instrucción: ## TID: 0 - FETCH - Program Counter: 4"
time=2024-11-30T03:18:14.103-03:00 level=INFO msg="Decodificando la instrucción: THREAD_CREATE PLANI_THREAD 5"
time=2024-11-30T03:18:14.103-03:00 level=INFO msg="## TID: 0 - Actualizo Contexto Ejecución"
time=2024-11-30T03:18:14.108-03:00 level=INFO msg="PID y TID actualizados" PID=1 TID=0
time=2024-11-30T03:18:14.108-03:00 level=INFO msg="Obtención de Contexto de Ejecución: ## TID: 0 - Solicito Contexto Ejecución"
time=2024-11-30T03:18:14.110-03:00 level=INFO msg="Contexto de ejecución recibido con éxito"
time=2024-11-30T03:18:14.110-03:00 level=INFO msg="Fetch Instrucción: ## TID: 0 - FETCH - Program Counter: 5"
time=2024-11-30T03:18:14.110-03:00 level=INFO msg="Decodificando la instrucción: SUM DX AX"
time=2024-11-30T03:18:14.110-03:00 level=INFO msg="Instrucción Ejecutada: “## TID: 0 - Ejecutando: SET - Registro: DX, Valor: 2”"
time=2024-11-30T03:18:14.110-03:00 level=INFO msg="Instrucción Ejecutada: “## TID: 0 - Ejecutando: SUM - Registro Destino: DX, Registro Origen: AX”"
time=2024-11-30T03:18:14.110-03:00 level=INFO msg="No hay interrupciones pendientes para el TID actual" TID=0
time=2024-11-30T03:18:14.110-03:00 level=INFO msg="PC no modificado por instrucción. Actualizado PC a: 6"
time=2024-11-30T03:18:14.111-03:00 level=INFO msg="Fetch Instrucción: ## TID: 0 - FETCH - Program Counter: 6"
time=2024-11-30T03:18:14.111-03:00 level=INFO msg="Decodificando la instrucción: THREAD_CREATE PLANI_THREAD 5"
time=2024-11-30T03:18:14.111-03:00 level=INFO msg="## TID: 0 - Actualizo Contexto Ejecución"
time=2024-11-30T03:18:14.114-03:00 level=INFO msg="PID y TID actualizados" PID=1 TID=0
time=2024-11-30T03:18:14.114-03:00 level=INFO msg="Obtención de Contexto de Ejecución: ## TID: 0 - Solicito Contexto Ejecución"
time=2024-11-30T03:18:14.116-03:00 level=INFO msg="Contexto de ejecución recibido con éxito"
time=2024-11-30T03:18:14.117-03:00 level=INFO msg="Fetch Instrucción: ## TID: 0 - FETCH - Program Counter: 7"
time=2024-11-30T03:18:14.117-03:00 level=INFO msg="Decodificando la instrucción: SUM DX AX"
time=2024-11-30T03:18:14.117-03:00 level=INFO msg="Instrucción Ejecutada: “## TID: 0 - Ejecutando: SET - Registro: DX, Valor: 3”"
time=2024-11-30T03:18:14.117-03:00 level=INFO msg="Instrucción Ejecutada: “## TID: 0 - Ejecutando: SUM - Registro Destino: DX, Registro Origen: AX”"
time=2024-11-30T03:18:14.117-03:00 level=INFO msg="No hay interrupciones pendientes para el TID actual" TID=0
time=2024-11-30T03:18:14.117-03:00 level=INFO msg="PC no modificado por instrucción. Actualizado PC a: 8"
time=2024-11-30T03:18:14.117-03:00 level=INFO msg="Fetch Instrucción: ## TID: 0 - FETCH - Program Counter: 8"
time=2024-11-30T03:18:14.117-03:00 level=INFO msg="Decodificando la instrucción: THREAD_CREATE PLANI_THREAD 6"
time=2024-11-30T03:18:14.120-03:00 level=INFO msg="## TID: 0 - Actualizo Contexto Ejecución"
time=2024-11-30T03:18:14.125-03:00 level=INFO msg="PID y TID actualizados" PID=1 TID=0
time=2024-11-30T03:18:14.125-03:00 level=INFO msg="Obtención de Contexto de Ejecución: ## TID: 0 - Solicito Contexto Ejecución"
time=2024-11-30T03:18:14.127-03:00 level=INFO msg="Contexto de ejecución recibido con éxito"
time=2024-11-30T03:18:14.127-03:00 level=INFO msg="Fetch Instrucción: ## TID: 0 - FETCH - Program Counter: 9"
time=2024-11-30T03:18:14.127-03:00 level=INFO msg="Decodificando la instrucción: SUM DX AX"
time=2024-11-30T03:18:14.127-03:00 level=INFO msg="Instrucción Ejecutada: “## TID: 0 - Ejecutando: SET - Registro: DX, Valor: 4”"
time=2024-11-30T03:18:14.127-03:00 level=INFO msg="Instrucción Ejecutada: “## TID: 0 - Ejecutando: SUM - Registro Destino: DX, Registro Origen: AX”"
time=2024-11-30T03:18:14.127-03:00 level=INFO msg="No hay interrupciones pendientes para el TID actual" TID=0
time=2024-11-30T03:18:14.127-03:00 level=INFO msg="PC no modificado por instrucción. Actualizado PC a: 10"
time=2024-11-30T03:18:14.127-03:00 level=INFO msg="Fetch Instrucción: ## TID: 0 - FETCH - Program Counter: 10"
time=2024-11-30T03:18:14.127-03:00 level=INFO msg="Decodificando la instrucción: THREAD_JOIN 4"
time=2024-11-30T03:18:14.128-03:00 level=INFO msg="## TID: 0 - Actualizo Contexto Ejecución"
time=2024-11-30T03:18:14.128-03:00 level=INFO msg="No hay interrupciones pendientes para el TID actual" TID=0
time=2024-11-30T03:18:14.128-03:00 level=INFO msg="PC no modificado por instrucción. Actualizado PC a: 11"
time=2024-11-30T03:18:14.129-03:00 level=INFO msg="Fin de la ejecución del CPU."
time=2024-11-30T03:18:14.129-03:00 level=INFO msg="No hay interrupciones pendientes para el TID actual" TID=0
time=2024-11-30T03:18:14.129-03:00 level=INFO msg="PC modificado por instrucción a: 11"
time=2024-11-30T03:18:14.129-03:00 level=INFO msg="Fin de la ejecución del CPU."
time=2024-11-30T03:18:14.130-03:00 level=INFO msg="No hay interrupciones pendientes para el TID actual" TID=0
time=2024-11-30T03:18:14.130-03:00 level=INFO msg="PC modificado por instrucción a: 11"
time=2024-11-30T03:18:14.130-03:00 level=INFO msg="Fin de la ejecución del CPU."
time=2024-11-30T03:18:14.130-03:00 level=INFO msg="No hay interrupciones pendientes para el TID actual" TID=0
time=2024-11-30T03:18:14.130-03:00 level=INFO msg="PC modificado por instrucción a: 11"
time=2024-11-30T03:18:14.130-03:00 level=INFO msg="Fin de la ejecución del CPU."
time=2024-11-30T03:18:14.130-03:00 level=INFO msg="No hay interrupciones pendientes para el TID actual" TID=0
time=2024-11-30T03:18:14.130-03:00 level=INFO msg="PC modificado por instrucción a: 11"
time=2024-11-30T03:18:14.130-03:00 level=INFO msg="Fin de la ejecución del CPU."
time=2024-11-30T03:18:14.131-03:00 level=INFO msg="PID y TID actualizados" PID=1 TID=2
time=2024-11-30T03:18:14.131-03:00 level=INFO msg="Obtención de Contexto de Ejecución: ## TID: 2 - Solicito Contexto Ejecución"
time=2024-11-30T03:18:14.132-03:00 level=INFO msg="Contexto de ejecución recibido con éxito"
time=2024-11-30T03:18:14.132-03:00 level=INFO msg="Fetch Instrucción: ## TID: 2 - FETCH - Program Counter: 0"
time=2024-11-30T03:18:14.132-03:00 level=INFO msg="Decodificando la instrucción: SET CX 5"
time=2024-11-30T03:18:14.132-03:00 level=INFO msg="Instrucción Ejecutada: “## TID: 2 - Ejecutando: SET - Registro: CX, Valor: 5”"
time=2024-11-30T03:18:14.132-03:00 level=INFO msg="No hay interrupciones pendientes para el TID actual" TID=2
time=2024-11-30T03:18:14.132-03:00 level=INFO msg="PC no modificado por instrucción. Actualizado PC a: 1"
time=2024-11-30T03:18:14.132-03:00 level=INFO msg="Fetch Instrucción: ## TID: 2 - FETCH - Program Counter: 1"
time=2024-11-30T03:18:14.132-03:00 level=INFO msg="Decodificando la instrucción: SET BX 1"
time=2024-11-30T03:18:14.132-03:00 level=INFO msg="Instrucción Ejecutada: “## TID: 2 - Ejecutando: SET - Registro: BX, Valor: 1”"
time=2024-11-30T03:18:14.132-03:00 level=INFO msg="No hay interrupciones pendientes para el TID actual" TID=2
time=2024-11-30T03:18:14.132-03:00 level=INFO msg="PC no modificado por instrucción. Actualizado PC a: 2"
time=2024-11-30T03:18:14.132-03:00 level=INFO msg="Fetch Instrucción: ## TID: 2 - FETCH - Program Counter: 2"
time=2024-11-30T03:18:14.132-03:00 level=INFO msg="Decodificando la instrucción: SUB CX BX"
time=2024-11-30T03:18:14.132-03:00 level=INFO msg="Instrucción Ejecutada: “## TID: 2 - Ejecutando: SET - Registro: CX, Valor: 4”"
time=2024-11-30T03:18:14.132-03:00 level=INFO msg="Instrucción Ejecutada: “## TID: 2 - Ejecutando: SUB - Registro Destino: CX, Registro Origen: BX”"
time=2024-11-30T03:18:14.132-03:00 level=INFO msg="No hay interrupciones pendientes para el TID actual" TID=2
time=2024-11-30T03:18:14.132-03:00 level=INFO msg="PC no modificado por instrucción. Actualizado PC a: 3"
time=2024-11-30T03:18:14.133-03:00 level=INFO msg="Fetch Instrucción: ## TID: 2 - FETCH - Program Counter: 3"
time=2024-11-30T03:18:14.133-03:00 level=INFO msg="Decodificando la instrucción: JNZ CX 2"
time=2024-11-30T03:18:14.133-03:00 level=INFO msg="Instrucción Ejecutada: “## TID: 2 - Ejecutando: SET - Registro: PC, Valor: 2”"
time=2024-11-30T03:18:14.133-03:00 level=INFO msg="Instrucción Ejecutada: “## TID: 2 - Ejecutando: JNZ - Registro: CX, Nueva Instrucción: 2”"
time=2024-11-30T03:18:14.133-03:00 level=INFO msg="No hay interrupciones pendientes para el TID actual" TID=2
time=2024-11-30T03:18:14.133-03:00 level=INFO msg="PC modificado por instrucción a: 2"
time=2024-11-30T03:18:14.133-03:00 level=INFO msg="Fetch Instrucción: ## TID: 2 - FETCH - Program Counter: 2"
time=2024-11-30T03:18:14.133-03:00 level=INFO msg="Decodificando la instrucción: SUB CX BX"
time=2024-11-30T03:18:14.133-03:00 level=INFO msg="Instrucción Ejecutada: “## TID: 2 - Ejecutando: SET - Registro: CX, Valor: 3”"
time=2024-11-30T03:18:14.133-03:00 level=INFO msg="Instrucción Ejecutada: “## TID: 2 - Ejecutando: SUB - Registro Destino: CX, Registro Origen: BX”"
time=2024-11-30T03:18:14.133-03:00 level=INFO msg="No hay interrupciones pendientes para el TID actual" TID=2
time=2024-11-30T03:18:14.133-03:00 level=INFO msg="PC no modificado por instrucción. Actualizado PC a: 3"
time=2024-11-30T03:18:14.133-03:00 level=INFO msg="Fetch Instrucción: ## TID: 2 - FETCH - Program Counter: 3"
time=2024-11-30T03:18:14.133-03:00 level=INFO msg="Decodificando la instrucción: JNZ CX 2"
time=2024-11-30T03:18:14.133-03:00 level=INFO msg="Instrucción Ejecutada: “## TID: 2 - Ejecutando: SET - Registro: PC, Valor: 2”"
time=2024-11-30T03:18:14.133-03:00 level=INFO msg="Instrucción Ejecutada: “## TID: 2 - Ejecutando: JNZ - Registro: CX, Nueva Instrucción: 2”"
time=2024-11-30T03:18:14.133-03:00 level=INFO msg="No hay interrupciones pendientes para el TID actual" TID=2
time=2024-11-30T03:18:14.133-03:00 level=INFO msg="PC modificado por instrucción a: 2"
time=2024-11-30T03:18:14.133-03:00 level=INFO msg="Fetch Instrucción: ## TID: 2 - FETCH - Program Counter: 2"
time=2024-11-30T03:18:14.133-03:00 level=INFO msg="Decodificando la instrucción: SUB CX BX"
time=2024-11-30T03:18:14.133-03:00 level=INFO msg="Instrucción Ejecutada: “## TID: 2 - Ejecutando: SET - Registro: CX, Valor: 2”"
time=2024-11-30T03:18:14.133-03:00 level=INFO msg="Instrucción Ejecutada: “## TID: 2 - Ejecutando: SUB - Registro Destino: CX, Registro Origen: BX”"
time=2024-11-30T03:18:14.133-03:00 level=INFO msg="No hay interrupciones pendientes para el TID actual" TID=2
time=2024-11-30T03:18:14.133-03:00 level=INFO msg="PC no modificado por instrucción. Actualizado PC a: 3"
time=2024-11-30T03:18:14.135-03:00 level=INFO msg="Fetch Instrucción: ## TID: 2 - FETCH - Program Counter: 3"
time=2024-11-30T03:18:14.135-03:00 level=INFO msg="Decodificando la instrucción: JNZ CX 2"
time=2024-11-30T03:18:14.135-03:00 level=INFO msg="Instrucción Ejecutada: “## TID: 2 - Ejecutando: SET - Registro: PC, Valor: 2”"
time=2024-11-30T03:18:14.135-03:00 level=INFO msg="Instrucción Ejecutada: “## TID: 2 - Ejecutando: JNZ - Registro: CX, Nueva Instrucción: 2”"
time=2024-11-30T03:18:14.135-03:00 level=INFO msg="No hay interrupciones pendientes para el TID actual" TID=2
time=2024-11-30T03:18:14.135-03:00 level=INFO msg="PC modificado por instrucción a: 2"
time=2024-11-30T03:18:14.136-03:00 level=INFO msg="Fetch Instrucción: ## TID: 2 - FETCH - Program Counter: 2"
time=2024-11-30T03:18:14.136-03:00 level=INFO msg="Decodificando la instrucción: SUB CX BX"
time=2024-11-30T03:18:14.136-03:00 level=INFO msg="Instrucción Ejecutada: “## TID: 2 - Ejecutando: SET - Registro: CX, Valor: 1”"
time=2024-11-30T03:18:14.136-03:00 level=INFO msg="Instrucción Ejecutada: “## TID: 2 - Ejecutando: SUB - Registro Destino: CX, Registro Origen: BX”"
time=2024-11-30T03:18:14.136-03:00 level=INFO msg="No hay interrupciones pendientes para el TID actual" TID=2
time=2024-11-30T03:18:14.136-03:00 level=INFO msg="PC no modificado por instrucción. Actualizado PC a: 3"
time=2024-11-30T03:18:14.137-03:00 level=INFO msg="Fetch Instrucción: ## TID: 2 - FETCH - Program Counter: 3"
time=2024-11-30T03:18:14.137-03:00 level=INFO msg="Decodificando la instrucción: JNZ CX 2"
time=2024-11-30T03:18:14.137-03:00 level=INFO msg="Instrucción Ejecutada: “## TID: 2 - Ejecutando: SET - Registro: PC, Valor: 2”"
time=2024-11-30T03:18:14.137-03:00 level=INFO msg="Instrucción Ejecutada: “## TID: 2 - Ejecutando: JNZ - Registro: CX, Nueva Instrucción: 2”"
time=2024-11-30T03:18:14.137-03:00 level=INFO msg="No hay interrupciones pendientes para el TID actual" TID=2
time=2024-11-30T03:18:14.137-03:00 level=INFO msg="PC modificado por instrucción a: 2"
time=2024-11-30T03:18:14.137-03:00 level=INFO msg="Fetch Instrucción: ## TID: 2 - FETCH - Program Counter: 2"
time=2024-11-30T03:18:14.137-03:00 level=INFO msg="Decodificando la instrucción: SUB CX BX"
time=2024-11-30T03:18:14.137-03:00 level=INFO msg="Instrucción Ejecutada: “## TID: 2 - Ejecutando: SET - Registro: CX, Valor: 0”"
time=2024-11-30T03:18:14.137-03:00 level=INFO msg="Instrucción Ejecutada: “## TID: 2 - Ejecutando: SUB - Registro Destino: CX, Registro Origen: BX”"
time=2024-11-30T03:18:14.137-03:00 level=INFO msg="No hay interrupciones pendientes para el TID actual" TID=2
time=2024-11-30T03:18:14.137-03:00 level=INFO msg="PC no modificado por instrucción. Actualizado PC a: 3"
time=2024-11-30T03:18:14.137-03:00 level=INFO msg="Fetch Instrucción: ## TID: 2 - FETCH - Program Counter: 3"
time=2024-11-30T03:18:14.137-03:00 level=INFO msg="Decodificando la instrucción: JNZ CX 2"
time=2024-11-30T03:18:14.137-03:00 level=INFO msg="No hay interrupciones pendientes para el TID actual" TID=2
time=2024-11-30T03:18:14.137-03:00 level=INFO msg="PC no modificado por instrucción. Actualizado PC a: 4"
time=2024-11-30T03:18:14.138-03:00 level=INFO msg="Fetch Instrucción: ## TID: 2 - FETCH - Program Counter: 4"
time=2024-11-30T03:18:14.138-03:00 level=INFO msg="Decodificando la instrucción: THREAD_EXIT"
time=2024-11-30T03:18:14.138-03:00 level=INFO msg="## TID: 2 - Actualizo Contexto Ejecución"
time=2024-11-30T03:18:14.141-03:00 level=INFO msg="No hay interrupciones pendientes para el TID actual" TID=2
time=2024-11-30T03:18:14.141-03:00 level=INFO msg="PC no modificado por instrucción. Actualizado PC a: 5"
time=2024-11-30T03:18:14.141-03:00 level=INFO msg="Fin de la ejecución del CPU."
time=2024-11-30T03:25:22.400-03:00 level=INFO msg="Logger iniciado"
time=2024-11-30T03:25:22.405-03:00 level=INFO msg="Levantando servidor en el puerto: 8004"
time=2024-11-30T03:26:00.593-03:00 level=INFO msg="Logger iniciado"
time=2024-11-30T03:26:00.602-03:00 level=INFO msg="Levantando servidor en el puerto: 8004"
time=2024-11-30T03:26:00.603-03:00 level=ERROR msg="Error al levantar el servidor: " error="listen tcp :8004: bind: Only one usage of each socket address (protocol/network address/port) is normally permitted."
time=2024-11-30T03:26:22.487-03:00 level=INFO msg="Logger iniciado"
time=2024-11-30T03:26:22.494-03:00 level=INFO msg="Levantando servidor en el puerto: 8004"
time=2024-11-30T03:27:13.390-03:00 level=INFO msg="PID y TID actualizados" PID=1 TID=0
time=2024-11-30T03:27:13.390-03:00 level=INFO msg="Obtención de Contexto de Ejecución: ## TID: 0 - Solicito Contexto Ejecución"
time=2024-11-30T03:27:13.394-03:00 level=INFO msg="Contexto de ejecución recibido con éxito"
time=2024-11-30T03:27:13.394-03:00 level=INFO msg="Fetch Instrucción: ## TID: 0 - FETCH - Program Counter: 0"
time=2024-11-30T03:27:13.394-03:00 level=INFO msg="Decodificando la instrucción: SET DX 0"
time=2024-11-30T03:27:23.040-03:00 level=INFO msg="Instrucción Ejecutada: “## TID: 0 - Ejecutando: SET - Registro: DX, Valor: 0”"
time=2024-11-30T03:27:23.040-03:00 level=INFO msg="No hay interrupciones pendientes para el TID actual" TID=0
time=2024-11-30T03:27:23.040-03:00 level=INFO msg="PC no modificado por instrucción. Actualizado PC a: 1"
time=2024-11-30T03:27:23.041-03:00 level=INFO msg="Fetch Instrucción: ## TID: 0 - FETCH - Program Counter: 1"
time=2024-11-30T03:27:23.041-03:00 level=INFO msg="Decodificando la instrucción: SET AX 1"
time=2024-11-30T03:27:25.947-03:00 level=INFO msg="Instrucción Ejecutada: “## TID: 0 - Ejecutando: SET - Registro: AX, Valor: 1”"
time=2024-11-30T03:27:25.947-03:00 level=INFO msg="No hay interrupciones pendientes para el TID actual" TID=0
time=2024-11-30T03:27:25.947-03:00 level=INFO msg="PC no modificado por instrucción. Actualizado PC a: 2"
time=2024-11-30T03:27:25.948-03:00 level=INFO msg="Fetch Instrucción: ## TID: 0 - FETCH - Program Counter: 2"
time=2024-11-30T03:27:25.948-03:00 level=INFO msg="Decodificando la instrucción: THREAD_CREATE PLANI_THREAD 6"
time=2024-11-30T03:27:26.687-03:00 level=INFO msg="## TID: 0 - Actualizo Contexto Ejecución"
time=2024-11-30T03:27:26.703-03:00 level=INFO msg="PID y TID actualizados" PID=1 TID=0
time=2024-11-30T03:27:26.703-03:00 level=INFO msg="Obtención de Contexto de Ejecución: ## TID: 0 - Solicito Contexto Ejecución"
time=2024-11-30T03:27:26.705-03:00 level=INFO msg="Contexto de ejecución recibido con éxito"
time=2024-11-30T03:27:26.706-03:00 level=INFO msg="Fetch Instrucción: ## TID: 0 - FETCH - Program Counter: 3"
time=2024-11-30T03:27:26.706-03:00 level=INFO msg="Decodificando la instrucción: SUM DX AX"
time=2024-11-30T03:27:27.942-03:00 level=INFO msg="Instrucción Ejecutada: “## TID: 0 - Ejecutando: SET - Registro: DX, Valor: 1”"
time=2024-11-30T03:27:27.943-03:00 level=INFO msg="Instrucción Ejecutada: “## TID: 0 - Ejecutando: SUM - Registro Destino: DX, Registro Origen: AX”"
time=2024-11-30T03:27:27.943-03:00 level=INFO msg="No hay interrupciones pendientes para el TID actual" TID=0
time=2024-11-30T03:27:27.943-03:00 level=INFO msg="PC no modificado por instrucción. Actualizado PC a: 4"
time=2024-11-30T03:27:27.944-03:00 level=INFO msg="Fetch Instrucción: ## TID: 0 - FETCH - Program Counter: 4"
time=2024-11-30T03:27:27.944-03:00 level=INFO msg="Decodificando la instrucción: THREAD_CREATE PLANI_THREAD 5"
time=2024-11-30T03:27:28.946-03:00 level=INFO msg="## TID: 0 - Actualizo Contexto Ejecución"
time=2024-11-30T03:27:28.960-03:00 level=INFO msg="PID y TID actualizados" PID=1 TID=0
time=2024-11-30T03:27:28.960-03:00 level=INFO msg="Obtención de Contexto de Ejecución: ## TID: 0 - Solicito Contexto Ejecución"
time=2024-11-30T03:27:28.963-03:00 level=INFO msg="Contexto de ejecución recibido con éxito"
time=2024-11-30T03:27:28.964-03:00 level=INFO msg="Fetch Instrucción: ## TID: 0 - FETCH - Program Counter: 5"
time=2024-11-30T03:27:28.964-03:00 level=INFO msg="Decodificando la instrucción: SUM DX AX"
time=2024-11-30T03:27:29.962-03:00 level=INFO msg="Instrucción Ejecutada: “## TID: 0 - Ejecutando: SET - Registro: DX, Valor: 2”"
time=2024-11-30T03:27:29.962-03:00 level=INFO msg="Instrucción Ejecutada: “## TID: 0 - Ejecutando: SUM - Registro Destino: DX, Registro Origen: AX”"
time=2024-11-30T03:27:29.962-03:00 level=INFO msg="No hay interrupciones pendientes para el TID actual" TID=0
time=2024-11-30T03:27:29.962-03:00 level=INFO msg="PC no modificado por instrucción. Actualizado PC a: 6"
time=2024-11-30T03:27:29.963-03:00 level=INFO msg="Fetch Instrucción: ## TID: 0 - FETCH - Program Counter: 6"
time=2024-11-30T03:27:29.963-03:00 level=INFO msg="Decodificando la instrucción: THREAD_CREATE PLANI_THREAD 5"
time=2024-11-30T03:27:30.959-03:00 level=INFO msg="## TID: 0 - Actualizo Contexto Ejecución"
time=2024-11-30T03:27:30.973-03:00 level=INFO msg="PID y TID actualizados" PID=1 TID=0
time=2024-11-30T03:27:30.973-03:00 level=INFO msg="Obtención de Contexto de Ejecución: ## TID: 0 - Solicito Contexto Ejecución"
time=2024-11-30T03:27:30.976-03:00 level=INFO msg="Contexto de ejecución recibido con éxito"
time=2024-11-30T03:27:30.977-03:00 level=INFO msg="Fetch Instrucción: ## TID: 0 - FETCH - Program Counter: 7"
time=2024-11-30T03:27:30.977-03:00 level=INFO msg="Decodificando la instrucción: SUM DX AX"
time=2024-11-30T03:27:32.110-03:00 level=INFO msg="Instrucción Ejecutada: “## TID: 0 - Ejecutando: SET - Registro: DX, Valor: 3”"
time=2024-11-30T03:27:32.110-03:00 level=INFO msg="Instrucción Ejecutada: “## TID: 0 - Ejecutando: SUM - Registro Destino: DX, Registro Origen: AX”"
time=2024-11-30T03:27:32.110-03:00 level=INFO msg="No hay interrupciones pendientes para el TID actual" TID=0
time=2024-11-30T03:27:32.110-03:00 level=INFO msg="PC no modificado por instrucción. Actualizado PC a: 8"
time=2024-11-30T03:27:32.111-03:00 level=INFO msg="Fetch Instrucción: ## TID: 0 - FETCH - Program Counter: 8"
time=2024-11-30T03:27:32.111-03:00 level=INFO msg="Decodificando la instrucción: THREAD_CREATE PLANI_THREAD 6"
time=2024-11-30T03:27:33.327-03:00 level=INFO msg="## TID: 0 - Actualizo Contexto Ejecución"
time=2024-11-30T03:27:33.343-03:00 level=INFO msg="PID y TID actualizados" PID=1 TID=0
time=2024-11-30T03:27:33.343-03:00 level=INFO msg="Obtención de Contexto de Ejecución: ## TID: 0 - Solicito Contexto Ejecución"
time=2024-11-30T03:27:33.345-03:00 level=INFO msg="Contexto de ejecución recibido con éxito"
time=2024-11-30T03:27:33.345-03:00 level=INFO msg="Fetch Instrucción: ## TID: 0 - FETCH - Program Counter: 9"
time=2024-11-30T03:27:33.345-03:00 level=INFO msg="Decodificando la instrucción: SUM DX AX"
time=2024-11-30T03:27:34.441-03:00 level=INFO msg="Instrucción Ejecutada: “## TID: 0 - Ejecutando: SET - Registro: DX, Valor: 4”"
time=2024-11-30T03:27:34.441-03:00 level=INFO msg="Instrucción Ejecutada: “## TID: 0 - Ejecutando: SUM - Registro Destino: DX, Registro Origen: AX”"
time=2024-11-30T03:27:34.441-03:00 level=INFO msg="No hay interrupciones pendientes para el TID actual" TID=0
time=2024-11-30T03:27:34.441-03:00 level=INFO msg="PC no modificado por instrucción. Actualizado PC a: 10"
time=2024-11-30T03:27:34.444-03:00 level=INFO msg="Fetch Instrucción: ## TID: 0 - FETCH - Program Counter: 10"
time=2024-11-30T03:27:34.444-03:00 level=INFO msg="Decodificando la instrucción: THREAD_JOIN 4"
time=2024-11-30T03:27:35.864-03:00 level=INFO msg="## TID: 0 - Actualizo Contexto Ejecución"
time=2024-11-30T03:27:35.868-03:00 level=INFO msg="No hay interrupciones pendientes para el TID actual" TID=0
time=2024-11-30T03:27:35.868-03:00 level=INFO msg="PC no modificado por instrucción. Actualizado PC a: 11"
time=2024-11-30T03:27:35.868-03:00 level=INFO msg="Fin de la ejecución del CPU."
time=2024-11-30T03:27:35.878-03:00 level=INFO msg="No hay interrupciones pendientes para el TID actual" TID=0
time=2024-11-30T03:27:35.878-03:00 level=INFO msg="PC modificado por instrucción a: 11"
time=2024-11-30T03:27:35.878-03:00 level=INFO msg="Fin de la ejecución del CPU."
time=2024-11-30T03:27:35.882-03:00 level=INFO msg="No hay interrupciones pendientes para el TID actual" TID=0
time=2024-11-30T03:27:35.882-03:00 level=INFO msg="PC modificado por instrucción a: 11"
time=2024-11-30T03:27:35.882-03:00 level=INFO msg="Fin de la ejecución del CPU."
time=2024-11-30T03:27:35.887-03:00 level=INFO msg="No hay interrupciones pendientes para el TID actual" TID=0
time=2024-11-30T03:27:35.888-03:00 level=INFO msg="PC modificado por instrucción a: 11"
time=2024-11-30T03:27:35.888-03:00 level=INFO msg="Fin de la ejecución del CPU."
time=2024-11-30T03:27:35.910-03:00 level=INFO msg="No hay interrupciones pendientes para el TID actual" TID=0
time=2024-11-30T03:27:35.910-03:00 level=INFO msg="PC modificado por instrucción a: 11"
time=2024-11-30T03:27:35.910-03:00 level=INFO msg="Fin de la ejecución del CPU."
time=2024-11-30T03:29:00.693-03:00 level=INFO msg="PID y TID actualizados" PID=1 TID=2
time=2024-11-30T03:29:00.693-03:00 level=INFO msg="Obtención de Contexto de Ejecución: ## TID: 2 - Solicito Contexto Ejecución"
time=2024-11-30T03:29:00.695-03:00 level=INFO msg="Contexto de ejecución recibido con éxito"
time=2024-11-30T03:29:00.696-03:00 level=INFO msg="Fetch Instrucción: ## TID: 2 - FETCH - Program Counter: 0"
time=2024-11-30T03:29:00.696-03:00 level=INFO msg="Decodificando la instrucción: SET CX 5"
time=2024-11-30T03:29:19.010-03:00 level=INFO msg="Instrucción Ejecutada: “## TID: 2 - Ejecutando: SET - Registro: CX, Valor: 5”"
time=2024-11-30T03:29:19.010-03:00 level=INFO msg="No hay interrupciones pendientes para el TID actual" TID=2
time=2024-11-30T03:29:19.010-03:00 level=INFO msg="PC no modificado por instrucción. Actualizado PC a: 1"
time=2024-11-30T03:29:19.011-03:00 level=INFO msg="Fetch Instrucción: ## TID: 2 - FETCH - Program Counter: 1"
time=2024-11-30T03:29:19.011-03:00 level=INFO msg="Decodificando la instrucción: SET BX 1"
time=2024-11-30T03:29:21.320-03:00 level=INFO msg="Instrucción Ejecutada: “## TID: 2 - Ejecutando: SET - Registro: BX, Valor: 1”"
time=2024-11-30T03:29:21.320-03:00 level=INFO msg="No hay interrupciones pendientes para el TID actual" TID=2
time=2024-11-30T03:29:21.320-03:00 level=INFO msg="PC no modificado por instrucción. Actualizado PC a: 2"
time=2024-11-30T03:29:21.321-03:00 level=INFO msg="Fetch Instrucción: ## TID: 2 - FETCH - Program Counter: 2"
time=2024-11-30T03:29:21.321-03:00 level=INFO msg="Decodificando la instrucción: SUB CX BX"
time=2024-11-30T03:29:23.070-03:00 level=INFO msg="Instrucción Ejecutada: “## TID: 2 - Ejecutando: SET - Registro: CX, Valor: 4”"
time=2024-11-30T03:29:23.070-03:00 level=INFO msg="Instrucción Ejecutada: “## TID: 2 - Ejecutando: SUB - Registro Destino: CX, Registro Origen: BX”"
time=2024-11-30T03:29:23.070-03:00 level=INFO msg="No hay interrupciones pendientes para el TID actual" TID=2
time=2024-11-30T03:29:23.070-03:00 level=INFO msg="PC no modificado por instrucción. Actualizado PC a: 3"
time=2024-11-30T03:29:23.071-03:00 level=INFO msg="Fetch Instrucción: ## TID: 2 - FETCH - Program Counter: 3"
time=2024-11-30T03:29:23.071-03:00 level=INFO msg="Decodificando la instrucción: JNZ CX 2"
time=2024-11-30T03:29:25.275-03:00 level=INFO msg="Instrucción Ejecutada: “## TID: 2 - Ejecutando: SET - Registro: PC, Valor: 2”"
time=2024-11-30T03:29:25.275-03:00 level=INFO msg="Instrucción Ejecutada: “## TID: 2 - Ejecutando: JNZ - Registro: CX, Nueva Instrucción: 2”"
time=2024-11-30T03:29:25.275-03:00 level=INFO msg="No hay interrupciones pendientes para el TID actual" TID=2
time=2024-11-30T03:29:25.275-03:00 level=INFO msg="PC modificado por instrucción a: 2"
time=2024-11-30T03:29:25.275-03:00 level=INFO msg="Fetch Instrucción: ## TID: 2 - FETCH - Program Counter: 2"
time=2024-11-30T03:29:25.275-03:00 level=INFO msg="Decodificando la instrucción: SUB CX BX"
time=2024-11-30T03:29:51.389-03:00 level=INFO msg="Instrucción Ejecutada: “## TID: 2 - Ejecutando: SET - Registro: CX, Valor: 3”"
time=2024-11-30T03:29:51.389-03:00 level=INFO msg="Instrucción Ejecutada: “## TID: 2 - Ejecutando: SUB - Registro Destino: CX, Registro Origen: BX”"
time=2024-11-30T03:29:51.389-03:00 level=INFO msg="No hay interrupciones pendientes para el TID actual" TID=2
time=2024-11-30T03:29:51.389-03:00 level=INFO msg="PC no modificado por instrucción. Actualizado PC a: 3"
time=2024-11-30T03:29:51.390-03:00 level=INFO msg="Fetch Instrucción: ## TID: 2 - FETCH - Program Counter: 3"
time=2024-11-30T03:29:51.390-03:00 level=INFO msg="Decodificando la instrucción: JNZ CX 2"
time=2024-11-30T03:29:56.924-03:00 level=INFO msg="Instrucción Ejecutada: “## TID: 2 - Ejecutando: SET - Registro: PC, Valor: 2”"
time=2024-11-30T03:29:56.924-03:00 level=INFO msg="Instrucción Ejecutada: “## TID: 2 - Ejecutando: JNZ - Registro: CX, Nueva Instrucción: 2”"
time=2024-11-30T03:29:56.924-03:00 level=INFO msg="No hay interrupciones pendientes para el TID actual" TID=2
time=2024-11-30T03:29:56.925-03:00 level=INFO msg="PC modificado por instrucción a: 2"
time=2024-11-30T03:29:56.925-03:00 level=INFO msg="Fetch Instrucción: ## TID: 2 - FETCH - Program Counter: 2"
time=2024-11-30T03:29:56.925-03:00 level=INFO msg="Decodificando la instrucción: SUB CX BX"
time=2024-11-30T03:29:59.559-03:00 level=INFO msg="Instrucción Ejecutada: “## TID: 2 - Ejecutando: SET - Registro: CX, Valor: 2”"
time=2024-11-30T03:29:59.559-03:00 level=INFO msg="Instrucción Ejecutada: “## TID: 2 - Ejecutando: SUB - Registro Destino: CX, Registro Origen: BX”"
time=2024-11-30T03:29:59.559-03:00 level=INFO msg="No hay interrupciones pendientes para el TID actual" TID=2
time=2024-11-30T03:29:59.559-03:00 level=INFO msg="PC no modificado por instrucción. Actualizado PC a: 3"
time=2024-11-30T03:29:59.560-03:00 level=INFO msg="Fetch Instrucción: ## TID: 2 - FETCH - Program Counter: 3"
time=2024-11-30T03:29:59.560-03:00 level=INFO msg="Decodificando la instrucción: JNZ CX 2"
time=2024-11-30T03:30:02.597-03:00 level=INFO msg="Instrucción Ejecutada: “## TID: 2 - Ejecutando: SET - Registro: PC, Valor: 2”"
time=2024-11-30T03:30:02.597-03:00 level=INFO msg="Instrucción Ejecutada: “## TID: 2 - Ejecutando: JNZ - Registro: CX, Nueva Instrucción: 2”"
time=2024-11-30T03:30:02.597-03:00 level=INFO msg="No hay interrupciones pendientes para el TID actual" TID=2
time=2024-11-30T03:30:02.597-03:00 level=INFO msg="PC modificado por instrucción a: 2"
time=2024-11-30T03:30:02.599-03:00 level=INFO msg="Fetch Instrucción: ## TID: 2 - FETCH - Program Counter: 2"
time=2024-11-30T03:30:02.599-03:00 level=INFO msg="Decodificando la instrucción: SUB CX BX"
time=2024-11-30T03:30:03.903-03:00 level=INFO msg="Instrucción Ejecutada: “## TID: 2 - Ejecutando: SET - Registro: CX, Valor: 1”"
time=2024-11-30T03:30:03.903-03:00 level=INFO msg="Instrucción Ejecutada: “## TID: 2 - Ejecutando: SUB - Registro Destino: CX, Registro Origen: BX”"
time=2024-11-30T03:30:03.903-03:00 level=INFO msg="No hay interrupciones pendientes para el TID actual" TID=2
time=2024-11-30T03:30:03.903-03:00 level=INFO msg="PC no modificado por instrucción. Actualizado PC a: 3"
time=2024-11-30T03:30:03.904-03:00 level=INFO msg="Fetch Instrucción: ## TID: 2 - FETCH - Program Counter: 3"
time=2024-11-30T03:30:03.904-03:00 level=INFO msg="Decodificando la instrucción: JNZ CX 2"
time=2024-11-30T03:30:05.163-03:00 level=INFO msg="Instrucción Ejecutada: “## TID: 2 - Ejecutando: SET - Registro: PC, Valor: 2”"
time=2024-11-30T03:30:05.163-03:00 level=INFO msg="Instrucción Ejecutada: “## TID: 2 - Ejecutando: JNZ - Registro: CX, Nueva Instrucción: 2”"
time=2024-11-30T03:30:05.163-03:00 level=INFO msg="No hay interrupciones pendientes para el TID actual" TID=2
time=2024-11-30T03:30:05.163-03:00 level=INFO msg="PC modificado por instrucción a: 2"
time=2024-11-30T03:30:05.164-03:00 level=INFO msg="Fetch Instrucción: ## TID: 2 - FETCH - Program Counter: 2"
time=2024-11-30T03:30:05.164-03:00 level=INFO msg="Decodificando la instrucción: SUB CX BX"
time=2024-11-30T03:30:06.495-03:00 level=INFO msg="Instrucción Ejecutada: “## TID: 2 - Ejecutando: SET - Registro: CX, Valor: 0”"
time=2024-11-30T03:30:06.495-03:00 level=INFO msg="Instrucción Ejecutada: “## TID: 2 - Ejecutando: SUB - Registro Destino: CX, Registro Origen: BX”"
time=2024-11-30T03:30:06.495-03:00 level=INFO msg="No hay interrupciones pendientes para el TID actual" TID=2
time=2024-11-30T03:30:06.495-03:00 level=INFO msg="PC no modificado por instrucción. Actualizado PC a: 3"
time=2024-11-30T03:30:06.496-03:00 level=INFO msg="Fetch Instrucción: ## TID: 2 - FETCH - Program Counter: 3"
time=2024-11-30T03:30:06.496-03:00 level=INFO msg="Decodificando la instrucción: JNZ CX 2"
time=2024-11-30T03:30:07.539-03:00 level=INFO msg="No hay interrupciones pendientes para el TID actual" TID=2
time=2024-11-30T03:30:07.540-03:00 level=INFO msg="PC no modificado por instrucción. Actualizado PC a: 4"
time=2024-11-30T03:30:07.540-03:00 level=INFO msg="Fetch Instrucción: ## TID: 2 - FETCH - Program Counter: 4"
time=2024-11-30T03:30:07.540-03:00 level=INFO msg="Decodificando la instrucción: THREAD_EXIT"
time=2024-11-30T03:30:11.754-03:00 level=INFO msg="## TID: 2 - Actualizo Contexto Ejecución"
time=2024-11-30T03:30:11.769-03:00 level=INFO msg="No hay interrupciones pendientes para el TID actual" TID=2
time=2024-11-30T03:30:11.769-03:00 level=INFO msg="PC no modificado por instrucción. Actualizado PC a: 5"
time=2024-11-30T03:30:11.769-03:00 level=INFO msg="Fin de la ejecución del CPU."
