time=2024-09-04T20:44:39.822-03:00 level=INFO msg="Hola! Soy el módulo kernel"
time=2024-09-04T20:44:39.837-03:00 level=INFO msg="Levantando servidor en el puerto" port=8001
time=2024-09-04T20:46:45.788-03:00 level=INFO msg="Levantando servidor en el puerto" port=8001
time=2024-09-06T22:15:50.194-03:00 level=INFO msg="Hola! Soy el módulo kernel"
time=2024-09-06T22:15:50.200-03:00 level=INFO msg="Levantando servidor en el puerto" port=8001
time=2024-09-06T22:17:47.694-03:00 level=INFO msg="Hola! Soy el módulo kernel"
time=2024-09-06T22:17:47.701-03:00 level=INFO msg="Levantando servidor en el puerto" port=8001
time=2024-09-07T00:37:48.274-03:00 level=INFO msg="Hola! Soy el módulo kernel"
time=2024-09-07T00:37:48.279-03:00 level=INFO msg="Levantando servidor en el puerto" port=8001
time=2024-09-07T19:16:03.690-03:00 level=INFO msg="Hola! Soy el módulo kernel"
time=2024-09-07T19:16:03.698-03:00 level=INFO msg="Levantando servidor en el puerto" port=8001
time=2024-09-07T19:43:54.020-03:00 level=INFO msg="Hola! Soy el módulo kernel"
time=2024-09-07T19:43:54.029-03:00 level=INFO msg="Levantando servidor en el puerto: 8001"
time=2024-09-20T18:13:59.580-03:00 level=INFO msg="Hola! Soy el módulo kernel"
time=2024-09-20T18:49:45.038-03:00 level=INFO msg="Hola! Soy el módulo kernel"
time=2024-09-20T18:49:45.040-03:00 level=INFO msg="Levantando servidor en el puerto: 8001"
time=2024-09-23T23:46:10.191-03:00 level=INFO msg="## (<PID>:1) Se crea el proceso - Estado: NEW"
time=2024-09-23T23:46:10.201-03:00 level=INFO msg="Se produjo un error enviando mensaje a ip:%s puerto:%d" 127.0.0.1=8002
time=2024-09-23T23:46:10.201-03:00 level=INFO msg="Levantando servidor en el puerto: 8001"
time=2024-09-23T23:47:41.837-03:00 level=INFO msg="## (<PID>:1) Se crea el proceso - Estado: NEW"
time=2024-09-23T23:47:41.848-03:00 level=INFO msg="Respuesta del servidor: 404 Not Found"
time=2024-09-23T23:47:41.848-03:00 level=INFO msg="Levantando servidor en el puerto: 8001"
